googleapi/build/intermediates/manifest_merge_blame_file/debug/manifest-merger-blame-debug-report.txt
1<?xml version="1.0" encoding="utf-8"?>
2<manifest xmlns:android="http://schemas.android.com/apk/res/android"
3    xmlns:tools="http://schemas.android.com/tools"
4    package="com.liskovsoft.googleapi"
5    android:versionCode="15"
6    android:versionName="0.1.5" > <!-- NOTE: use older api -->
7    <uses-sdk
7-->src\main\AndroidManifest.xml:7:5-8:32
8        android:minSdkVersion="17"
8-->src\main\AndroidManifest.xml:7:5-8:32
9        android:targetSdkVersion="26"
9-->src\main\AndroidManifest.xml:7:5-8:32
10        tools:overrideLibrary="         com.squareup.quickjs" />
10-->src\main\AndroidManifest.xml:7:5-8:32
11
12    <uses-permission android:name="android.permission.INTERNET" />
12-->src\main\AndroidManifest.xml:4:5-66
12-->src\main\AndroidManifest.xml:4:22-64
13
14</manifest>